<?xml version="1.0" encoding="UTF-8"?>
<testsuite xmlns:xsi="http://www.w3.org/2001/XMLSchema-instance" xsi:noNamespaceSchemaLocation="https://maven.apache.org/surefire/maven-surefire-plugin/xsd/surefire-test-report.xsd" name="it.unipd.mtss.AppTest" time="0.085" tests="13" errors="0" skipped="0" failures="0">
  <properties>
    <property name="awt.toolkit" value="sun.awt.X11.XToolkit"/>
    <property name="file.encoding.pkg" value="sun.io"/>
    <property name="java.specification.version" value="1.8"/>
    <property name="sun.cpu.isalist" value=""/>
    <property name="sun.jnu.encoding" value="UTF-8"/>
    <property name="java.class.path" value="/home/runner/work/prova-maven/prova-maven/roman-number/target/test-classes:/home/runner/work/prova-maven/prova-maven/roman-number/target/classes:/home/runner/.m2/repository/junit/junit/4.11/junit-4.11.jar:/home/runner/.m2/repository/org/hamcrest/hamcrest-core/1.3/hamcrest-core-1.3.jar:"/>
    <property name="java.vm.vendor" value="Temurin"/>
    <property name="sun.arch.data.model" value="64"/>
    <property name="java.vendor.url" value="https://adoptium.net/"/>
    <property name="user.timezone" value=""/>
    <property name="java.vm.specification.version" value="1.8"/>
    <property name="os.name" value="Linux"/>
    <property name="sun.java.launcher" value="SUN_STANDARD"/>
    <property name="sun.boot.library.path" value="/opt/hostedtoolcache/Java_Temurin-Hotspot_jdk/8.0.332-9/x64/jre/lib/amd64"/>
    <property name="sun.java.command" value="/home/runner/work/prova-maven/prova-maven/roman-number/target/surefire/surefirebooter4921937524036969799.jar /home/runner/work/prova-maven/prova-maven/roman-number/target/surefire 2023-05-07T14-43-47_189-jvmRun1 surefire7761622655692738888tmp surefire_03125822564225947292tmp"/>
    <property name="surefire.test.class.path" value="/home/runner/work/prova-maven/prova-maven/roman-number/target/test-classes:/home/runner/work/prova-maven/prova-maven/roman-number/target/classes:/home/runner/.m2/repository/junit/junit/4.11/junit-4.11.jar:/home/runner/.m2/repository/org/hamcrest/hamcrest-core/1.3/hamcrest-core-1.3.jar:"/>
    <property name="sun.cpu.endian" value="little"/>
    <property name="user.home" value="/home/runner"/>
    <property name="user.language" value="en"/>
    <property name="java.specification.vendor" value="Oracle Corporation"/>
    <property name="java.home" value="/opt/hostedtoolcache/Java_Temurin-Hotspot_jdk/8.0.332-9/x64/jre"/>
    <property name="basedir" value="/home/runner/work/prova-maven/prova-maven/roman-number"/>
    <property name="file.separator" value="/"/>
    <property name="line.separator" value="&#10;"/>
    <property name="java.vm.specification.vendor" value="Oracle Corporation"/>
    <property name="java.specification.name" value="Java Platform API Specification"/>
    <property name="java.awt.graphicsenv" value="sun.awt.X11GraphicsEnvironment"/>
    <property name="surefire.real.class.path" value="/home/runner/work/prova-maven/prova-maven/roman-number/target/surefire/surefirebooter4921937524036969799.jar:/home/runner/.m2/repository/org/jacoco/org.jacoco.agent/0.8.8/org.jacoco.agent-0.8.8-runtime.jar"/>
    <property name="sun.boot.class.path" value="/opt/hostedtoolcache/Java_Temurin-Hotspot_jdk/8.0.332-9/x64/jre/lib/resources.jar:/opt/hostedtoolcache/Java_Temurin-Hotspot_jdk/8.0.332-9/x64/jre/lib/rt.jar:/opt/hostedtoolcache/Java_Temurin-Hotspot_jdk/8.0.332-9/x64/jre/lib/sunrsasign.jar:/opt/hostedtoolcache/Java_Temurin-Hotspot_jdk/8.0.332-9/x64/jre/lib/jsse.jar:/opt/hostedtoolcache/Java_Temurin-Hotspot_jdk/8.0.332-9/x64/jre/lib/jce.jar:/opt/hostedtoolcache/Java_Temurin-Hotspot_jdk/8.0.332-9/x64/jre/lib/charsets.jar:/opt/hostedtoolcache/Java_Temurin-Hotspot_jdk/8.0.332-9/x64/jre/lib/jfr.jar:/opt/hostedtoolcache/Java_Temurin-Hotspot_jdk/8.0.332-9/x64/jre/classes"/>
    <property name="sun.management.compiler" value="HotSpot 64-Bit Tiered Compilers"/>
    <property name="java.runtime.version" value="1.8.0_332-b09"/>
    <property name="user.name" value="runner"/>
    <property name="path.separator" value=":"/>
    <property name="os.version" value="5.15.0-1036-azure"/>
    <property name="java.endorsed.dirs" value="/opt/hostedtoolcache/Java_Temurin-Hotspot_jdk/8.0.332-9/x64/jre/lib/endorsed"/>
    <property name="java.runtime.name" value="OpenJDK Runtime Environment"/>
    <property name="file.encoding" value="UTF-8"/>
    <property name="java.vm.name" value="OpenJDK 64-Bit Server VM"/>
    <property name="localRepository" value="/home/runner/.m2/repository"/>
    <property name="java.vendor.url.bug" value="https://github.com/adoptium/adoptium-support/issues"/>
    <property name="java.io.tmpdir" value="/tmp"/>
    <property name="java.version" value="1.8.0_332"/>
    <property name="user.dir" value="/home/runner/work/prova-maven/prova-maven/roman-number"/>
    <property name="os.arch" value="amd64"/>
    <property name="java.vm.specification.name" value="Java Virtual Machine Specification"/>
    <property name="java.awt.printerjob" value="sun.print.PSPrinterJob"/>
    <property name="sun.os.patch.level" value="unknown"/>
    <property name="java.library.path" value="/usr/java/packages/lib/amd64:/usr/lib64:/lib64:/lib:/usr/lib"/>
    <property name="java.vm.info" value="mixed mode"/>
    <property name="java.vendor" value="Temurin"/>
    <property name="java.vm.version" value="25.332-b09"/>
    <property name="java.ext.dirs" value="/opt/hostedtoolcache/Java_Temurin-Hotspot_jdk/8.0.332-9/x64/jre/lib/ext:/usr/java/packages/lib/ext"/>
    <property name="sun.io.unicode.encoding" value="UnicodeLittle"/>
    <property name="java.class.version" value="52.0"/>
  </properties>
  <testcase name="shouldAnswerWithTrue" classname="it.unipd.mtss.AppTest" time="0.002"/>
  <testcase name="testAge" classname="it.unipd.mtss.AppTest" time="0"/>
  <testcase name="testLinux" classname="it.unipd.mtss.AppTest" time="0"/>
  <testcase name="testGame" classname="it.unipd.mtss.AppTest" time="0"/>
  <testcase name="testName" classname="it.unipd.mtss.AppTest" time="0.001"/>
  <testcase name="testIdNumber" classname="it.unipd.mtss.AppTest" time="0"/>
  <testcase name="testMobileOs" classname="it.unipd.mtss.AppTest" time="0.001"/>
  <testcase name="testCartoon" classname="it.unipd.mtss.AppTest" time="0"/>
  <testcase name="testConsole" classname="it.unipd.mtss.AppTest" time="0"/>
  <testcase name="testDogName" classname="it.unipd.mtss.AppTest" time="0"/>
  <testcase name="testPresentation" classname="it.unipd.mtss.AppTest" time="0.001"/>
  <testcase name="testStarWars" classname="it.unipd.mtss.AppTest" time="0"/>
  <testcase name="testSurname" classname="it.unipd.mtss.AppTest" time="0"/>
</testsuite>